#
# There is insufficient memory for the Java Runtime Environment to continue.
# Native memory allocation (mmap) failed to map 257949696 bytes for G1 virtual space
# Possible reasons:
#   The system is out of physical RAM or swap space
#   The process is running with CompressedOops enabled, and the Java Heap may be blocking the growth of the native heap
# Possible solutions:
#   Reduce memory load on the system
#   Increase physical memory or swap space
#   Check if swap backing store is full
#   Decrease Java heap size (-Xmx/-Xms)
#   Decrease number of Java threads
#   Decrease Java thread stack sizes (-Xss)
#   Set larger code cache with -XX:ReservedCodeCacheSize=
#   JVM is running with Zero Based Compressed Oops mode in which the Java heap is
#     placed in the first 32GB address space. The Java Heap base address is the
#     maximum limit for the native heap growth. Please use -XX:HeapBaseMinAddress
#     to set the Java Heap base and to place the Java Heap above 32GB virtual address.
# This output file may be truncated or incomplete.
#
#  Out of Memory Error (os_windows.cpp:3535), pid=20304, tid=7648
#
# JRE version:  (17.0.3+7) (build )
# Java VM: OpenJDK 64-Bit Server VM (17.0.3+7, mixed mode, sharing, tiered, compressed oops, compressed class ptrs, g1 gc, windows-amd64)
# No core dump will be written. Minidumps are not enabled by default on client versions of Windows
#

---------------  S U M M A R Y ------------

Command Line: -Dfile.encoding=UTF-8 server.Server

Host: AMD Ryzen 7 4800H with Radeon Graphics         , 16 cores, 15G,  Windows 10 , 64 bit Build 19041 (10.0.19041.1889)
Time: Sat Oct 15 22:21:33 2022 ora legale Europa occidentale elapsed time: 0.018556 seconds (0d 0h 0m 0s)

---------------  T H R E A D  ---------------

Current thread (0x000002a13fa8e8c0):  JavaThread "Unknown thread" [_thread_in_vm, id=7648, stack(0x000000a289400000,0x000000a289500000)]

Stack: [0x000000a289400000,0x000000a289500000]
Native frames: (J=compiled Java code, j=interpreted, Vv=VM code, C=native code)
V  [jvm.dll+0x675efa]
V  [jvm.dll+0x830a24]
V  [jvm.dll+0x8321ce]
V  [jvm.dll+0x832833]
V  [jvm.dll+0x2454b5]
V  [jvm.dll+0x672de9]
V  [jvm.dll+0x667732]
V  [jvm.dll+0x3043ab]
V  [jvm.dll+0x30b8f6]
V  [jvm.dll+0x35b62e]
V  [jvm.dll+0x35b85f]
V  [jvm.dll+0x2db248]
V  [jvm.dll+0x2dc1b4]
V  [jvm.dll+0x802651]
V  [jvm.dll+0x3693b1]
V  [jvm.dll+0x7e1aac]
V  [jvm.dll+0x3ebd8f]
V  [jvm.dll+0x3ed911]
C  [jli.dll+0x5277]
C  [ucrtbase.dll+0x21bb2]
C  [KERNEL32.DLL+0x17034]
C  [ntdll.dll+0x526a1]


---------------  P R O C E S S  ---------------

Threads class SMR info:
_java_thread_list=0x00007ffbe8cd6e98, length=0, elements={
}

Java Threads: ( => current thread )

Other Threads:
  0x000002a13faf4850 GCTaskThread "GC Thread#0" [stack: 0x000000a289500000,0x000000a289600000] [id=18056]
  0x000002a13fb06540 ConcurrentGCThread "G1 Main Marker" [stack: 0x000000a289600000,0x000000a289700000] [id=19492]
  0x000002a13fb06f50 ConcurrentGCThread "G1 Conc#0" [stack: 0x000000a289700000,0x000000a289800000] [id=13688]

[error occurred during error reporting (printing all threads), id 0xc0000005, EXCEPTION_ACCESS_VIOLATION (0xc0000005) at pc=0x00007ffbe84abcd7]

VM state: not at safepoint (not fully initialized)

VM Mutex/Monitor currently owned by a thread:  ([mutex/lock_event])
[0x000002a13fa8a7d0] Heap_lock - owner thread: 0x000002a13fa8e8c0

Heap address: 0x000000070a000000, size: 3936 MB, Compressed Oops mode: Zero based, Oop shift amount: 3

CDS archive(s) mapped at: [0x0000000000000000-0x0000000000000000-0x0000000000000000), size 0, SharedBaseAddress: 0x0000000800000000, ArchiveRelocationMode: 0.
Narrow klass base: 0x0000000000000000, Narrow klass shift: 0, Narrow klass range: 0x0

GC Precious Log:
<Empty>

Heap:
 garbage-first heap   total 0K, used 0K [0x000000070a000000, 0x0000000800000000)
  region size 2048K, 0 young (0K), 0 survivors (0K)

[error occurred during error reporting (printing heap information), id 0xc0000005, EXCEPTION_ACCESS_VIOLATION (0xc0000005) at pc=0x00007ffbe888f249]

GC Heap History (0 events):
No events

Deoptimization events (0 events):
No events

Classes unloaded (0 events):
No events

Classes redefined (0 events):
No events

Internal exceptions (0 events):
No events

VM Operations (0 events):
No events

Events (1 events):
Event: 0.010 Loaded shared library C:\Users\Luigi Daddario\.p2\pool\plugins\org.eclipse.justj.openjdk.hotspot.jre.full.win32.x86_64_17.0.3.v20220515-1416\jre\bin\java.dll


Dynamic libraries:
0x00007ff7cd8a0000 - 0x00007ff7cd8ae000 	C:\Users\Luigi Daddario\.p2\pool\plugins\org.eclipse.justj.openjdk.hotspot.jre.full.win32.x86_64_17.0.3.v20220515-1416\jre\bin\javaw.exe
0x00007ffc29290000 - 0x00007ffc29488000 	C:\Windows\SYSTEM32\ntdll.dll
0x00007ffc272f0000 - 0x00007ffc273ad000 	C:\Windows\System32\KERNEL32.DLL
0x00007ffc26fd0000 - 0x00007ffc2729e000 	C:\Windows\System32\KERNELBASE.dll
0x00007ffc26ac0000 - 0x00007ffc26bc0000 	C:\Windows\System32\ucrtbase.dll
0x00007ffc1fd30000 - 0x00007ffc1fd48000 	C:\Users\Luigi Daddario\.p2\pool\plugins\org.eclipse.justj.openjdk.hotspot.jre.full.win32.x86_64_17.0.3.v20220515-1416\jre\bin\jli.dll
0x00007ffc1fd10000 - 0x00007ffc1fd29000 	C:\Users\Luigi Daddario\.p2\pool\plugins\org.eclipse.justj.openjdk.hotspot.jre.full.win32.x86_64_17.0.3.v20220515-1416\jre\bin\VCRUNTIME140.dll
0x00007ffc290b0000 - 0x00007ffc29250000 	C:\Windows\System32\USER32.dll
0x00007ffc26d00000 - 0x00007ffc26d22000 	C:\Windows\System32\win32u.dll
0x00007ffc12b70000 - 0x00007ffc12e0a000 	C:\Windows\WinSxS\amd64_microsoft.windows.common-controls_6595b64144ccf1df_6.0.19041.1110_none_60b5254171f9507e\COMCTL32.dll
0x00007ffc28e10000 - 0x00007ffc28e3a000 	C:\Windows\System32\GDI32.dll
0x00007ffc28e40000 - 0x00007ffc28ede000 	C:\Windows\System32\msvcrt.dll
0x00007ffc269b0000 - 0x00007ffc26abb000 	C:\Windows\System32\gdi32full.dll
0x00007ffc26c60000 - 0x00007ffc26cfd000 	C:\Windows\System32\msvcp_win.dll
0x00007ffc277d0000 - 0x00007ffc27800000 	C:\Windows\System32\IMM32.DLL
0x00007ffc20500000 - 0x00007ffc2050c000 	C:\Users\Luigi Daddario\.p2\pool\plugins\org.eclipse.justj.openjdk.hotspot.jre.full.win32.x86_64_17.0.3.v20220515-1416\jre\bin\vcruntime140_1.dll
0x00007ffc1fc70000 - 0x00007ffc1fd01000 	C:\Users\Luigi Daddario\.p2\pool\plugins\org.eclipse.justj.openjdk.hotspot.jre.full.win32.x86_64_17.0.3.v20220515-1416\jre\bin\msvcp140.dll
0x00007ffbe81c0000 - 0x00007ffbe8e08000 	C:\Users\Luigi Daddario\.p2\pool\plugins\org.eclipse.justj.openjdk.hotspot.jre.full.win32.x86_64_17.0.3.v20220515-1416\jre\bin\server\jvm.dll
0x00007ffc27dc0000 - 0x00007ffc27e6e000 	C:\Windows\System32\ADVAPI32.dll
0x00007ffc27730000 - 0x00007ffc277cc000 	C:\Windows\System32\sechost.dll
0x00007ffc27800000 - 0x00007ffc27925000 	C:\Windows\System32\RPCRT4.dll
0x00007ffc28f90000 - 0x00007ffc28f98000 	C:\Windows\System32\PSAPI.DLL
0x00007ffbd8fc0000 - 0x00007ffbd8fc9000 	C:\Windows\SYSTEM32\WSOCK32.dll
0x00007ffc1bb10000 - 0x00007ffc1bb37000 	C:\Windows\SYSTEM32\WINMM.dll
0x00007ffc1ce80000 - 0x00007ffc1ce8a000 	C:\Windows\SYSTEM32\VERSION.dll
0x00007ffc288d0000 - 0x00007ffc2893b000 	C:\Windows\System32\WS2_32.dll
0x00007ffc25260000 - 0x00007ffc25272000 	C:\Windows\SYSTEM32\kernel.appcore.dll
0x00007ffc1fc60000 - 0x00007ffc1fc6a000 	C:\Users\Luigi Daddario\.p2\pool\plugins\org.eclipse.justj.openjdk.hotspot.jre.full.win32.x86_64_17.0.3.v20220515-1416\jre\bin\jimage.dll
0x00007ffc242f0000 - 0x00007ffc244d4000 	C:\Windows\SYSTEM32\DBGHELP.DLL
0x00007ffc16710000 - 0x00007ffc1673c000 	C:\Windows\SYSTEM32\dbgcore.DLL
0x00007ffc26f40000 - 0x00007ffc26fc2000 	C:\Windows\System32\bcryptPrimitives.dll
0x00007ffc1fc30000 - 0x00007ffc1fc55000 	C:\Users\Luigi Daddario\.p2\pool\plugins\org.eclipse.justj.openjdk.hotspot.jre.full.win32.x86_64_17.0.3.v20220515-1416\jre\bin\java.dll

dbghelp: loaded successfully - version: 4.0.5 - missing functions: none
symbol engine: initialized successfully - sym options: 0x614 - pdb path: .;C:\Users\Luigi Daddario\.p2\pool\plugins\org.eclipse.justj.openjdk.hotspot.jre.full.win32.x86_64_17.0.3.v20220515-1416\jre\bin;C:\Windows\SYSTEM32;C:\Windows\WinSxS\amd64_microsoft.windows.common-controls_6595b64144ccf1df_6.0.19041.1110_none_60b5254171f9507e;C:\Users\Luigi Daddario\.p2\pool\plugins\org.eclipse.justj.openjdk.hotspot.jre.full.win32.x86_64_17.0.3.v20220515-1416\jre\bin\server

VM Arguments:
jvm_args: -Dfile.encoding=UTF-8 
java_command: server.Server
java_class_path (initial): C:\Users\Luigi Daddario\eclipse-workspace\KNN\bin;C:\Users\Luigi Daddario\eclipse-workspace\KNN\mysql-connector-java-8.0.17.jar
Launcher Type: SUN_STANDARD

[Global flags]
     intx CICompilerCount                          = 12                                        {product} {ergonomic}
     uint ConcGCThreads                            = 3                                         {product} {ergonomic}
     uint G1ConcRefinementThreads                  = 13                                        {product} {ergonomic}
   size_t G1HeapRegionSize                         = 2097152                                   {product} {ergonomic}
    uintx GCDrainStackTargetSize                   = 64                                        {product} {ergonomic}
   size_t InitialHeapSize                          = 257949696                                 {product} {ergonomic}
   size_t MarkStackSize                            = 4194304                                   {product} {ergonomic}
   size_t MaxHeapSize                              = 4127195136                                {product} {ergonomic}
   size_t MinHeapDeltaBytes                        = 2097152                                   {product} {ergonomic}
   size_t MinHeapSize                              = 8388608                                   {product} {ergonomic}
    uintx NonNMethodCodeHeapSize                   = 7602480                                {pd product} {ergonomic}
    uintx NonProfiledCodeHeapSize                  = 122027880                              {pd product} {ergonomic}
    uintx ProfiledCodeHeapSize                     = 122027880                              {pd product} {ergonomic}
    uintx ReservedCodeCacheSize                    = 251658240                              {pd product} {ergonomic}
     bool SegmentedCodeCache                       = true                                      {product} {ergonomic}
   size_t SoftMaxHeapSize                          = 4127195136                             {manageable} {ergonomic}
     bool UseCompressedClassPointers               = true                           {product lp64_product} {ergonomic}
     bool UseCompressedOops                        = true                           {product lp64_product} {ergonomic}
     bool UseG1GC                                  = true                                      {product} {ergonomic}
     bool UseLargePagesIndividualAllocation        = false                                  {pd product} {ergonomic}

Logging:
Log output configuration:
 #0: stdout all=warning uptime,level,tags
 #1: stderr all=off uptime,level,tags

Environment Variables:
JAVA_HOME=C:\Program Files\Java\jdk-18.0.2.1
PATH=C:\Program Files\Common Files\Oracle\Java\javapath;C:\Program Files (x86)\Common Files\Oracle\Java\javapath;C:\Windows\system32;C:\Windows;C:\Windows\System32\Wbem;C:\Windows\System32\WindowsPowerShell\v1.0\;C:\Windows\System32\OpenSSH\;C:\Program Files\Git\cmd;C:\Program Files\nodejs\;C:\ProgramData\chocolatey\bin;C:\Users\Luigi Daddario\AppData\Local\Programs\Python\Python310\Scripts\;C:\Users\Luigi Daddario\AppData\Local\Programs\Python\Python310\;C:\Program Files\MySQL\MySQL Shell 8.0\bin\;C:\Users\Luigi Daddario\AppData\Local\Microsoft\WindowsApps;C:\Users\Luigi Daddario\AppData\Roaming\npm;C:\Users\Luigi Daddario\AppData\Local\GitHubDesktop\bin;C:\ProgramData\chocolatey\lib\mingw\tools\install\mingw64\bin;
USERNAME=Luigi Daddario
OS=Windows_NT
PROCESSOR_IDENTIFIER=AMD64 Family 23 Model 96 Stepping 1, AuthenticAMD



---------------  S Y S T E M  ---------------

OS:
 Windows 10 , 64 bit Build 19041 (10.0.19041.1889)
OS uptime: 0 days 2:22 hours

CPU: total 16 (initial active 16) (16 cores per cpu, 2 threads per core) family 23 model 96 stepping 1 microcode 0x0, cx8, cmov, fxsr, ht, mmx, 3dnowpref, sse, sse2, sse3, ssse3, sse4a, sse4.1, sse4.2, popcnt, lzcnt, tsc, tscinvbit, avx, avx2, aes, clmul, bmi1, bmi2, adx, sha, fma, vzeroupper, clflush, clflushopt

Memory: 4k page, system-wide physical 15741M (2092M free)
TotalPageFile size 27741M (AvailPageFile size 211M)
current process WorkingSet (physical memory assigned to process): 10M, peak: 10M
current process commit charge ("private bytes"): 70M, peak: 316M

vm_info: OpenJDK 64-Bit Server VM (17.0.3+7) for windows-amd64 JRE (17.0.3+7), built on Apr 19 2022 16:55:35 by "" with MS VC++ 16.7 (VS2019)

END.
