Process
=======
compile

Command Line
============
C:\graalvm-ce-java11-22.3.0\bin\native-image.cmd "-Djdk.internal.lambda.eagerlyInitialize=false" --no-server -H:+SharedLibrary -H:+AddAllCharsets -H:+ReportExceptionStackTraces -H:-DeadlockWatchdogExitOnTimeout "-H:DeadlockWatchdogInterval=0" -H:+RemoveSaturatedTypeFlows -H:+ExitAfterRelocatableImageWrite "--features=org.graalvm.home.HomeFinderFeature" "-H:TempDirectory=C:\Users\Luigi Daddario\eclipse-workspace\KNN-Application\target\gluonfx\x86_64-windows\gvm\tmp" "-H:EnableURLProtocols=http,https" "-H:ReflectionConfigurationFiles=C:\Users\Luigi Daddario\eclipse-workspace\KNN-Application\target\gluonfx\x86_64-windows\gvm\reflectionconfig-x86_64-windows.json" "-H:JNIConfigurationFiles=C:\Users\Luigi Daddario\eclipse-workspace\KNN-Application\target\gluonfx\x86_64-windows\gvm\jniconfig-x86_64-windows.json" "-H:ResourceConfigurationFiles=C:\Users\Luigi Daddario\eclipse-workspace\KNN-Application\target\gluonfx\x86_64-windows\gvm\resourceconfig-x86_64-windows.json" "-H:IncludeResourceBundles=com/sun/javafx/scene/control/skin/resources/controls,com/sun/javafx/scene/control/skin/resources/controls-nt,com.sun.javafx.tk.quantum.QuantumMessagesBundle,com/sun/glass/ui/win/themes" "-Dsvm.platform=org.graalvm.nativeimage.Platform$WINDOWS_AMD64" -cp "C:\Users\Luigi Daddario\.m2\repository\com\gluonhq\substrate\0.0.55\substrate-0.0.55.jar;C:\Users\Luigi Daddario\eclipse-workspace\KNN-Application\target\gluonfx\x86_64-windows\gvm\tmp\classpathJar.jar" com.knnapplication.KNNApplication

Output
======
Warning: Ignoring server-mode native-image argument --no-server.
========================================================================================================================
GraalVM Native Image: Generating 'com.knnapplication.knnapplication' (shared library)...
========================================================================================================================
[1/7] Initializing...                                                                                    (7,0s @ 0,28GB)
 Version info: 'GraalVM 22.3.0 Java 11 CE'
 Java version info: '11.0.17+8-jvmci-22.3-b08'
 C compiler: cl.exe (microsoft, x64, 19.34.31933)
 Garbage collector: Serial GC
 1 user-specific feature(s)
 - org.graalvm.home.HomeFinderFeature: Finds GraalVM paths and its version number
[2/7] Performing analysis...  [***********]                                                             (35,7s @ 3,80GB)
  11.995 (88,69%) of 13.524 classes reachable
  23.026 (70,28%) of 32.764 fields reachable
  58.459 (62,74%) of 93.183 methods reachable
     627 classes,    97 fields, and 1.915 methods registered for reflection
     137 classes,   155 fields, and   208 methods registered for JNI access
       2 native libraries: version, winhttp
[3/7] Building universe...                                                                               (3,1s @ 2,51GB)
[4/7] Parsing methods...      [**]                                                                       (2,2s @ 2,45GB)
[5/7] Inlining methods...     [****]                                                                     (1,2s @ 4,47GB)
[6/7] Compiling methods...    [****]                                                                    (20,4s @ 3,18GB)

------------------------------------------------------------------------------------------------------------------------
                        6,2s (7,8% of total time) in 33 GCs | Peak RSS: 6,11GB | CPU load: 9,31
------------------------------------------------------------------------------------------------------------------------
Produced artifacts:
 C:\Users\Luigi Daddario\eclipse-workspace\KNN-Application\target\gluonfx\x86_64-windows\gvm\KNN-Application\com.knnapplication.knnapplication.build_artifacts.txt (txt)
 C:\Users\Luigi Daddario\eclipse-workspace\KNN-Application\target\gluonfx\x86_64-windows\gvm\KNN-Application\com.knnapplication.knnapplication.h (header)
 C:\Users\Luigi Daddario\eclipse-workspace\KNN-Application\target\gluonfx\x86_64-windows\gvm\KNN-Application\com.knnapplication.knnapplication_dynamic.h (header)
 C:\Users\Luigi Daddario\eclipse-workspace\KNN-Application\target\gluonfx\x86_64-windows\gvm\KNN-Application\graal_isolate.h (header)
 C:\Users\Luigi Daddario\eclipse-workspace\KNN-Application\target\gluonfx\x86_64-windows\gvm\KNN-Application\graal_isolate_dynamic.h (header)
========================================================================================================================
Finished generating 'com.knnapplication.knnapplication' in 1m 18s.


Result
======
result: 0