Process
=======
compile

Command Line
============
C:\graalvm-ce-java11-22.3.0\bin\native-image.cmd "-Djdk.internal.lambda.eagerlyInitialize=false" --no-server -H:+SharedLibrary -H:+AddAllCharsets -H:+ReportExceptionStackTraces -H:-DeadlockWatchdogExitOnTimeout "-H:DeadlockWatchdogInterval=0" -H:+RemoveSaturatedTypeFlows -H:+ExitAfterRelocatableImageWrite "--features=org.graalvm.home.HomeFinderFeature" "-H:TempDirectory=C:\Users\Luigi Daddario\eclipse-workspace\KNN-Application\target\gluonfx\x86_64-windows\gvm\tmp" "-H:EnableURLProtocols=http,https" "-H:ReflectionConfigurationFiles=C:\Users\Luigi Daddario\eclipse-workspace\KNN-Application\target\gluonfx\x86_64-windows\gvm\reflectionconfig-x86_64-windows.json" "-H:JNIConfigurationFiles=C:\Users\Luigi Daddario\eclipse-workspace\KNN-Application\target\gluonfx\x86_64-windows\gvm\jniconfig-x86_64-windows.json" "-H:ResourceConfigurationFiles=C:\Users\Luigi Daddario\eclipse-workspace\KNN-Application\target\gluonfx\x86_64-windows\gvm\resourceconfig-x86_64-windows.json" "-H:IncludeResourceBundles=com/sun/javafx/scene/control/skin/resources/controls,com/sun/javafx/scene/control/skin/resources/controls-nt,com.sun.javafx.tk.quantum.QuantumMessagesBundle,com/sun/glass/ui/win/themes" "-Dsvm.platform=org.graalvm.nativeimage.Platform$WINDOWS_AMD64" -cp "C:\Users\Luigi Daddario\.m2\repository\com\gluonhq\substrate\0.0.55\substrate-0.0.55.jar;C:\Users\Luigi Daddario\eclipse-workspace\KNN-Application\target\gluonfx\x86_64-windows\gvm\tmp\classpathJar.jar" com.knnapplication.KNNApplication

Output
======
Warning: Ignoring server-mode native-image argument --no-server.
========================================================================================================================
GraalVM Native Image: Generating 'com.knnapplication.knnapplication' (shared library)...
========================================================================================================================
Warning: Could not resolve javafx.scene.web.WebView for reflection configuration. Reason: java.lang.ClassNotFoundException: javafx.scene.web.WebView.
[1/7] Initializing...                                                                                    (6,2s @ 0,28GB)
 Version info: 'GraalVM 22.3.0 Java 11 CE'
 Java version info: '11.0.17+8-jvmci-22.3-b08'
 C compiler: cl.exe (microsoft, x64, 19.34.31933)
 Garbage collector: Serial GC
 1 user-specific feature(s)
 - org.graalvm.home.HomeFinderFeature: Finds GraalVM paths and its version number
[2/7] Performing analysis...  [***********]                                                             (40,8s @ 2,24GB)
  12.364 (88,47%) of 13.975 classes reachable
  23.772 (69,16%) of 34.372 fields reachable
  59.768 (61,87%) of 96.596 methods reachable
     643 classes,   172 fields, and 3.223 methods registered for reflection
     161 classes,   217 fields, and   231 methods registered for JNI access
       2 native libraries: version, winhttp
[3/7] Building universe...                                                                               (3,1s @ 4,54GB)
[4/7] Parsing methods...      [**]                                                                       (2,4s @ 4,67GB)
[5/7] Inlining methods...     [****]                                                                     (1,2s @ 3,10GB)
[6/7] Compiling methods...    [*****]                                                                   (21,4s @ 2,12GB)

------------------------------------------------------------------------------------------------------------------------
                        6,3s (7,4% of total time) in 33 GCs | Peak RSS: 6,10GB | CPU load: 8,88
------------------------------------------------------------------------------------------------------------------------
Produced artifacts:
 C:\Users\Luigi Daddario\eclipse-workspace\KNN-Application\target\gluonfx\x86_64-windows\gvm\KNN-Application\com.knnapplication.knnapplication.build_artifacts.txt (txt)
 C:\Users\Luigi Daddario\eclipse-workspace\KNN-Application\target\gluonfx\x86_64-windows\gvm\KNN-Application\com.knnapplication.knnapplication.h (header)
 C:\Users\Luigi Daddario\eclipse-workspace\KNN-Application\target\gluonfx\x86_64-windows\gvm\KNN-Application\com.knnapplication.knnapplication_dynamic.h (header)
 C:\Users\Luigi Daddario\eclipse-workspace\KNN-Application\target\gluonfx\x86_64-windows\gvm\KNN-Application\graal_isolate.h (header)
 C:\Users\Luigi Daddario\eclipse-workspace\KNN-Application\target\gluonfx\x86_64-windows\gvm\KNN-Application\graal_isolate_dynamic.h (header)
========================================================================================================================
Finished generating 'com.knnapplication.knnapplication' in 1m 23s.


Result
======
result: 0